<?xml version="1.0" encoding="UTF-8"?>
<testng-results skipped="0" failed="0" ignored="0" total="6" passed="6">
  <reporter-output>
  </reporter-output>
  <suite name="Default suite" duration-ms="12213" started-at="2022-06-15T06:51:36Z" finished-at="2022-06-15T06:51:48Z">
    <groups>
    </groups>
    <test name="Default test" duration-ms="12213" started-at="2022-06-15T06:51:36Z" finished-at="2022-06-15T06:51:48Z">
      <class name="com.test.OMRBranchClub">
        <test-method status="PASS" signature="login()[pri:1, instance:com.test.OMRBranchClub@4ed9f0]" name="login" duration-ms="5624" started-at="2022-06-15T06:51:36Z" finished-at="2022-06-15T06:51:42Z">
          <reporter-output>
          </reporter-output>
        </test-method> <!-- login -->
        <test-method status="PASS" signature="createAddress()[pri:2, instance:com.test.OMRBranchClub@4ed9f0]" name="createAddress" duration-ms="1325" started-at="2022-06-15T06:51:42Z" finished-at="2022-06-15T06:51:43Z">
          <reporter-output>
          </reporter-output>
        </test-method> <!-- createAddress -->
        <test-method status="PASS" signature="updateAddress()[pri:3, instance:com.test.OMRBranchClub@4ed9f0]" name="updateAddress" duration-ms="1500" started-at="2022-06-15T06:51:43Z" finished-at="2022-06-15T06:51:44Z">
          <reporter-output>
          </reporter-output>
        </test-method> <!-- updateAddress -->
        <test-method status="PASS" signature="getAllAddresses()[pri:4, instance:com.test.OMRBranchClub@4ed9f0]" name="getAllAddresses" duration-ms="1150" started-at="2022-06-15T06:51:44Z" finished-at="2022-06-15T06:51:46Z">
          <reporter-output>
          </reporter-output>
        </test-method> <!-- getAllAddresses -->
        <test-method status="PASS" signature="deleteAddress()[pri:5, instance:com.test.OMRBranchClub@4ed9f0]" name="deleteAddress" duration-ms="1082" started-at="2022-06-15T06:51:46Z" finished-at="2022-06-15T06:51:47Z">
          <reporter-output>
          </reporter-output>
        </test-method> <!-- deleteAddress -->
        <test-method status="PASS" signature="profilePicUpdate()[pri:6, instance:com.test.OMRBranchClub@4ed9f0]" name="profilePicUpdate" duration-ms="1416" started-at="2022-06-15T06:51:47Z" finished-at="2022-06-15T06:51:48Z">
          <reporter-output>
          </reporter-output>
        </test-method> <!-- profilePicUpdate -->
      </class> <!-- com.test.OMRBranchClub -->
    </test> <!-- Default test -->
  </suite> <!-- Default suite -->
</testng-results>
